<?xml version="1.0"?><coverage line-rate="0.49962434" branch-rate="1.0" version="1.9" timestamp="1528007583"><sources><source>/home/rook/workspace/DataIntegration/Rust/semantic-modeling/gmtk</source></sources><packages><package name="src/graph_models/domains" line-rate="0.37037036" branch-rate="1.0" complexity="0.0"><classes><class name="binary_vector_domain" filename="src/graph_models/domains/binary_vector_domain.rs" line-rate="0" branch-rate="1.0" complexity="0.0"><methods/><lines><line number="13" hits="0"/><line number="40" hits="0"/><line number="53" hits="0"/><line number="57" hits="0"/><line number="61" hits="0"/><line number="65" hits="0"/><line number="69" hits="0"/><line number="83" hits="0"/><line number="87" hits="0"/><line number="95" hits="0"/><line number="99" hits="0"/><line number="103" hits="0"/></lines></class><class name="boolean_vector_domain" filename="src/graph_models/domains/boolean_vector_domain.rs" line-rate="0" branch-rate="1.0" complexity="0.0"><methods/><lines><line number="13" hits="0"/><line number="39" hits="0"/><line number="47" hits="0"/><line number="51" hits="0"/><line number="55" hits="0"/></lines></class><class name="int_domain" filename="src/graph_models/domains/int_domain.rs" line-rate="1" branch-rate="1.0" complexity="0.0"><methods/><lines><line number="9" hits="36"/><line number="10" hits="1"/><line number="17" hits="336"/><line number="18" hits="1"/><line number="21" hits="75278"/><line number="22" hits="1"/><line number="23" hits="1"/><line number="26" hits="33092"/><line number="27" hits="1"/><line number="28" hits="1"/></lines></class></classes></package><package name="src/graph_models/factors" line-rate="0.4090909" branch-rate="1.0" complexity="0.0"><classes><class name="dot_tensor1_factor" filename="src/graph_models/factors/dot_tensor1_factor.rs" line-rate="0.5625" branch-rate="1.0" complexity="0.0"><methods/><lines><line number="16" hits="23064"/><line number="18" hits="1"/><line number="21" hits="75279"/><line number="23" hits="1"/><line number="27" hits="30"/><line number="28" hits="1"/><line number="31" hits="23064"/><line number="32" hits="75279"/><line number="35" hits="1"/><line number="38" hits="0"/><line number="39" hits="0"/><line number="40" hits="0"/><line number="41" hits="0"/><line number="42" hits="0"/><line number="43" hits="0"/><line number="44" hits="0"/></lines></class><class name="group_factor" filename="src/graph_models/factors/group_factor.rs" line-rate="0" branch-rate="1.0" complexity="0.0"><methods/><lines><line number="29" hits="0"/><line number="43" hits="0"/><line number="47" hits="0"/><line number="51" hits="0"/><line number="63" hits="0"/><line number="73" hits="0"/></lines></class></classes></package><package name="src/graph_models/inferences/belief_propagation" line-rate="0.95416665" branch-rate="1.0" complexity="0.0"><classes><class name="bp" filename="src/graph_models/inferences/belief_propagation/bp.rs" line-rate="0.9727273" branch-rate="1.0" complexity="0.0"><methods/><lines><line number="32" hits="14"/><line number="33" hits="31"/><line number="34" hits="61"/><line number="35" hits="31"/><line number="36" hits="1"/><line number="38" hits="1"/><line number="39" hits="1"/><line number="40" hits="1"/><line number="41" hits="1"/><line number="42" hits="1"/><line number="43" hits="1"/><line number="44" hits="1"/><line number="45" hits="1"/><line number="46" hits="1"/><line number="47" hits="1"/><line number="48" hits="1"/><line number="49" hits="1"/><line number="50" hits="1"/><line number="55" hits="1"/><line number="58" hits="1"/><line number="59" hits="1"/><line number="60" hits="1"/><line number="62" hits="1"/><line number="63" hits="1"/><line number="64" hits="1"/><line number="66" hits="1"/><line number="67" hits="1"/><line number="68" hits="1"/><line number="69" hits="1"/><line number="74" hits="1"/><line number="75" hits="1"/><line number="77" hits="1"/><line number="78" hits="1"/><line number="79" hits="1"/><line number="81" hits="1"/><line number="82" hits="1"/><line number="83" hits="1"/><line number="85" hits="1"/><line number="86" hits="1"/><line number="88" hits="1"/><line number="89" hits="1"/><line number="90" hits="1"/><line number="91" hits="1"/><line number="92" hits="1"/><line number="93" hits="1"/><line number="97" hits="1"/><line number="98" hits="1"/><line number="99" hits="1"/><line number="100" hits="1"/><line number="101" hits="1"/><line number="102" hits="1"/><line number="103" hits="1"/><line number="108" hits="1"/><line number="109" hits="1"/><line number="110" hits="1"/><line number="111" hits="1"/><line number="114" hits="143"/><line number="115" hits="1"/><line number="116" hits="1"/><line number="118" hits="1"/><line number="121" hits="1"/><line number="124" hits="1"/><line number="125" hits="1"/><line number="126" hits="1"/><line number="129" hits="1"/><line number="132" hits="74"/><line number="133" hits="1"/><line number="134" hits="1"/><line number="135" hits="1"/><line number="136" hits="1"/><line number="139" hits="14"/><line number="140" hits="1"/><line number="141" hits="1"/><line number="147" hits="0"/><line number="162" hits="14"/><line number="163" hits="1"/><line number="165" hits="1"/><line number="167" hits="1"/><line number="168" hits="1"/><line number="170" hits="1"/><line number="171" hits="1"/><line number="173" hits="1"/><line number="174" hits="1"/><line number="178" hits="1"/><line number="179" hits="1"/><line number="180" hits="1"/><line number="181" hits="1"/><line number="182" hits="1"/><line number="184" hits="1"/><line number="185" hits="1"/><line number="191" hits="1"/><line number="192" hits="1"/><line number="193" hits="1"/><line number="196" hits="1"/><line number="199" hits="7"/><line number="200" hits="1"/><line number="202" hits="1"/><line number="203" hits="1"/><line number="205" hits="1"/><line number="206" hits="1"/><line number="207" hits="1"/><line number="210" hits="1"/><line number="212" hits="1"/><line number="213" hits="1"/><line number="216" hits="1"/><line number="219" hits="7"/><line number="220" hits="1"/><line number="222" hits="1"/><line number="225" hits="0"/><line number="232" hits="0"/></lines></class><class name="bp_dfs" filename="src/graph_models/inferences/belief_propagation/bp_dfs.rs" line-rate="0.9459459" branch-rate="1.0" complexity="0.0"><methods/><lines><line number="19" hits="14"/><line number="20" hits="1"/><line number="21" hits="1"/><line number="22" hits="1"/><line number="23" hits="1"/><line number="24" hits="1"/><line number="25" hits="1"/><line number="30" hits="30"/><line number="31" hits="1"/><line number="33" hits="0"/><line number="36" hits="1"/><line number="37" hits="1"/><line number="38" hits="1"/><line number="40" hits="1"/><line number="41" hits="1"/><line number="42" hits="1"/><line number="45" hits="1"/><line number="46" hits="1"/><line number="49" hits="1"/><line number="53" hits="60"/><line number="54" hits="1"/><line number="56" hits="0"/><line number="59" hits="1"/><line number="60" hits="1"/><line number="61" hits="1"/><line number="63" hits="1"/><line number="64" hits="1"/><line number="66" hits="1"/><line number="69" hits="1"/><line number="70" hits="1"/><line number="73" hits="1"/><line number="76" hits="2"/><line number="77" hits="1"/><line number="78" hits="1"/><line number="79" hits="1"/><line number="82" hits="1"/><line number="83" hits="1"/></lines></class><class name="bp_structure" filename="src/graph_models/inferences/belief_propagation/bp_structure.rs" line-rate="0.9354839" branch-rate="1.0" complexity="0.0"><methods/><lines><line number="28" hits="74"/><line number="29" hits="1"/><line number="30" hits="1"/><line number="31" hits="1"/><line number="32" hits="1"/><line number="33" hits="1"/><line number="34" hits="1"/><line number="35" hits="1"/><line number="36" hits="1"/><line number="40" hits="0"/><line number="48" hits="30"/><line number="49" hits="1"/><line number="50" hits="1"/><line number="51" hits="1"/><line number="52" hits="75"/><line number="53" hits="1"/><line number="57" hits="0"/><line number="61" hits="52"/><line number="62" hits="1"/><line number="63" hits="1"/><line number="64" hits="1"/><line number="67" hits="1"/><line number="68" hits="1"/><line number="69" hits="1"/><line number="71" hits="1"/><line number="72" hits="1"/><line number="73" hits="1"/><line number="74" hits="1"/><line number="77" hits="1"/><line number="78" hits="1"/><line number="79" hits="1"/><line number="82" hits="1"/><line number="83" hits="1"/><line number="86" hits="50"/><line number="89" hits="1"/><line number="90" hits="1"/><line number="91" hits="0"/><line number="92" hits="1"/><line number="97" hits="0"/><line number="112" hits="0"/><line number="120" hits="60"/><line number="121" hits="1"/><line number="122" hits="1"/><line number="123" hits="1"/><line number="124" hits="1"/><line number="128" hits="59"/><line number="130" hits="1"/><line number="131" hits="1"/><line number="132" hits="1"/><line number="134" hits="1"/><line number="137" hits="1"/><line number="138" hits="1"/><line number="139" hits="1"/><line number="140" hits="1"/><line number="144" hits="1"/><line number="148" hits="8"/><line number="149" hits="1"/><line number="150" hits="1"/><line number="151" hits="1"/><line number="153" hits="1"/><line number="154" hits="1"/><line number="155" hits="1"/><line number="156" hits="1"/><line number="158" hits="1"/><line number="159" hits="1"/><line number="161" hits="1"/><line number="162" hits="1"/><line number="164" hits="1"/><line number="165" hits="1"/><line number="169" hits="1"/><line number="170" hits="1"/><line number="171" hits="1"/><line number="172" hits="1"/><line number="173" hits="1"/><line number="177" hits="1"/><line number="178" hits="1"/><line number="179" hits="1"/><line number="180" hits="1"/><line number="181" hits="1"/><line number="182" hits="1"/><line number="183" hits="1"/><line number="184" hits="1"/><line number="185" hits="1"/><line number="186" hits="1"/><line number="192" hits="1"/><line number="196" hits="16"/><line number="197" hits="1"/><line number="202" hits="0"/><line number="209" hits="24"/><line number="210" hits="1"/><line number="211" hits="1"/><line number="212" hits="1"/><line number="215" hits="1"/></lines></class></classes></package><package name="src/graph_models/inferences" line-rate="0.8979592" branch-rate="1.0" complexity="0.0"><classes><class name="brute_force" filename="src/graph_models/inferences/brute_force.rs" line-rate="0.8979592" branch-rate="1.0" complexity="0.0"><methods/><lines><line number="18" hits="9"/><line number="19" hits="1"/><line number="20" hits="1"/><line number="21" hits="1"/><line number="22" hits="1"/><line number="26" hits="9"/><line number="27" hits="1"/><line number="28" hits="1"/><line number="30" hits="4282"/><line number="32" hits="11146"/><line number="35" hits="1"/><line number="36" hits="1"/><line number="37" hits="1"/><line number="38" hits="1"/><line number="39" hits="1"/><line number="43" hits="10"/><line number="45" hits="37"/><line number="47" hits="1"/><line number="50" hits="4"/><line number="51" hits="5"/><line number="52" hits="1"/><line number="53" hits="5"/><line number="55" hits="13"/><line number="58" hits="15"/><line number="59" hits="1"/><line number="60" hits="1"/><line number="61" hits="265"/><line number="62" hits="1"/><line number="63" hits="1"/><line number="64" hits="1"/><line number="66" hits="1"/><line number="67" hits="1"/><line number="72" hits="745"/><line number="77" hits="0"/><line number="83" hits="1"/><line number="89" hits="1"/><line number="94" hits="0"/><line number="96" hits="9"/><line number="97" hits="1"/><line number="98" hits="1"/><line number="99" hits="4282"/><line number="101" hits="11146"/><line number="103" hits="1"/><line number="106" hits="1"/><line number="109" hits="0"/><line number="113" hits="9"/><line number="114" hits="1"/><line number="117" hits="0"/><line number="121" hits="0"/></lines></class></classes></package><package name="src/graph_models" line-rate="0.47619048" branch-rate="1.0" complexity="0.0"><classes><class name="models" filename="src/graph_models/models.rs" line-rate="0" branch-rate="1.0" complexity="0.0"><methods/><lines><line number="13" hits="0"/><line number="17" hits="0"/><line number="25" hits="0"/><line number="35" hits="0"/><line number="46" hits="0"/><line number="54" hits="0"/></lines></class><class name="traits" filename="src/graph_models/traits.rs" line-rate="1" branch-rate="1.0" complexity="0.0"><methods/><lines><line number="34" hits="30"/><line number="35" hits="1"/></lines></class><class name="weights" filename="src/graph_models/weights.rs" line-rate="0.61538464" branch-rate="1.0" complexity="0.0"><methods/><lines><line number="13" hits="17"/><line number="15" hits="1"/><line number="16" hits="1"/><line number="21" hits="17"/><line number="22" hits="1"/><line number="25" hits="0"/><line number="29" hits="3"/><line number="30" hits="1"/><line number="34" hits="0"/><line number="35" hits="3"/><line number="38" hits="0"/><line number="43" hits="0"/><line number="47" hits="0"/></lines></class></classes></package><package name="src/graph_models/utils" line-rate="0.89830506" branch-rate="1.0" complexity="0.0"><classes><class name="builder" filename="src/graph_models/utils/builder.rs" line-rate="0" branch-rate="1.0" complexity="0.0"><methods/><lines><line number="17" hits="0"/><line number="24" hits="0"/><line number="37" hits="0"/><line number="48" hits="0"/><line number="55" hits="0"/></lines></class><class name="misc" filename="src/graph_models/utils/misc.rs" line-rate="0.9814815" branch-rate="1.0" complexity="0.0"><methods/><lines><line number="11" hits="0"/><line number="20" hits="19"/><line number="23" hits="46"/><line number="24" hits="1"/><line number="25" hits="1"/><line number="26" hits="1"/><line number="27" hits="1"/><line number="30" hits="1"/><line number="31" hits="1"/><line number="34" hits="1"/><line number="36" hits="1"/><line number="38" hits="1"/><line number="39" hits="1"/><line number="40" hits="1"/><line number="42" hits="1"/><line number="43" hits="1"/><line number="44" hits="1"/><line number="45" hits="1"/><line number="46" hits="1"/><line number="47" hits="1"/><line number="48" hits="1"/><line number="51" hits="1"/><line number="53" hits="1"/><line number="54" hits="1"/><line number="58" hits="1"/><line number="63" hits="1"/><line number="68" hits="36"/><line number="71" hits="108"/><line number="73" hits="4"/><line number="74" hits="4"/><line number="76" hits="4"/><line number="77" hits="4"/><line number="79" hits="4"/><line number="82" hits="4"/><line number="83" hits="4"/><line number="84" hits="4"/><line number="87" hits="4"/><line number="89" hits="4"/><line number="91" hits="4"/><line number="92" hits="3"/><line number="94" hits="4"/><line number="95" hits="4"/><line number="96" hits="4"/><line number="98" hits="4"/><line number="100" hits="4"/><line number="101" hits="4"/><line number="103" hits="4"/><line number="104" hits="4"/><line number="107" hits="3"/><line number="110" hits="4"/><line number="112" hits="4"/><line number="113" hits="4"/><line number="117" hits="4"/><line number="122" hits="4"/></lines></class></classes></package><package name="src/graph_models/variables" line-rate="0.3846154" branch-rate="1.0" complexity="0.0"><classes><class name="binary_vector_variable" filename="src/graph_models/variables/binary_vector_variable.rs" line-rate="0" branch-rate="1.0" complexity="0.0"><methods/><lines><line number="13" hits="0"/><line number="22" hits="0"/><line number="26" hits="0"/><line number="30" hits="0"/><line number="34" hits="0"/><line number="39" hits="0"/></lines></class><class name="boolean_vector_variable" filename="src/graph_models/variables/boolean_vector_variable.rs" line-rate="0" branch-rate="1.0" complexity="0.0"><methods/><lines><line number="17" hits="0"/><line number="22" hits="0"/><line number="27" hits="0"/><line number="31" hits="0"/><line number="36" hits="0"/></lines></class><class name="int_variable" filename="src/graph_models/variables/int_variable.rs" line-rate="0.6666667" branch-rate="1.0" complexity="0.0"><methods/><lines><line number="11" hits="36"/><line number="12" hits="1"/><line number="13" hits="1"/><line number="14" hits="1"/><line number="22" hits="90766"/><line number="23" hits="1"/><line number="26" hits="336"/><line number="27" hits="1"/><line number="30" hits="108370"/><line number="31" hits="1"/><line number="34" hits="0"/><line number="35" hits="0"/><line number="36" hits="0"/><line number="39" hits="0"/><line number="40" hits="0"/></lines></class></classes></package><package name="src" line-rate="0" branch-rate="1.0" complexity="0.0"><classes><class name="main" filename="src/main.rs" line-rate="0" branch-rate="1.0" complexity="0.0"><methods/><lines><line number="15" hits="0"/><line number="16" hits="0"/><line number="17" hits="0"/><line number="18" hits="0"/><line number="19" hits="0"/><line number="20" hits="0"/><line number="21" hits="0"/><line number="23" hits="0"/><line number="25" hits="0"/><line number="26" hits="0"/><line number="29" hits="0"/><line number="30" hits="0"/><line number="31" hits="0"/><line number="32" hits="0"/><line number="33" hits="0"/><line number="34" hits="0"/><line number="35" hits="0"/><line number="37" hits="0"/><line number="39" hits="0"/><line number="40" hits="0"/><line number="43" hits="0"/><line number="44" hits="0"/><line number="45" hits="0"/><line number="46" hits="0"/><line number="47" hits="0"/><line number="48" hits="0"/><line number="49" hits="0"/><line number="51" hits="0"/><line number="53" hits="0"/><line number="54" hits="0"/><line number="57" hits="0"/><line number="58" hits="0"/><line number="59" hits="0"/><line number="60" hits="0"/><line number="61" hits="0"/><line number="62" hits="0"/><line number="63" hits="0"/><line number="65" hits="0"/><line number="67" hits="0"/><line number="68" hits="0"/><line number="71" hits="0"/><line number="83" hits="0"/><line number="84" hits="0"/><line number="85" hits="0"/><line number="86" hits="0"/></lines></class><class name="utils" filename="src/utils.rs" line-rate="0" branch-rate="1.0" complexity="0.0"><methods/><lines><line number="6" hits="0"/><line number="14" hits="0"/></lines></class></classes></package><package name="src/optimization" line-rate="0" branch-rate="1.0" complexity="0.0"><classes><class name="accumulators" filename="src/optimization/accumulators.rs" line-rate="0" branch-rate="1.0" complexity="0.0"><methods/><lines><line number="10" hits="0"/><line number="11" hits="0"/><line number="14" hits="0"/><line number="15" hits="0"/><line number="18" hits="0"/><line number="19" hits="0"/><line number="22" hits="0"/><line number="23" hits="0"/><line number="32" hits="0"/><line number="36" hits="0"/><line number="40" hits="0"/><line number="44" hits="0"/><line number="48" hits="0"/></lines></class><class name="batch_example" filename="src/optimization/batch_example.rs" line-rate="0" branch-rate="1.0" complexity="0.0"><methods/><lines><line number="11" hits="0"/><line number="20" hits="0"/><line number="35" hits="0"/><line number="48" hits="0"/><line number="52" hits="0"/><line number="57" hits="0"/></lines></class><class name="example" filename="src/optimization/example.rs" line-rate="0" branch-rate="1.0" complexity="0.0"><methods/><lines><line number="20" hits="0"/><line number="30" hits="0"/><line number="36" hits="0"/><line number="57" hits="0"/><line number="67" hits="0"/><line number="72" hits="0"/></lines></class></classes></package><package name="src/tensors/dense_tensor" line-rate="0.40894568" branch-rate="1.0" complexity="0.0"><classes><class name="indexing" filename="src/tensors/dense_tensor/indexing.rs" line-rate="0.42857143" branch-rate="1.0" complexity="0.0"><methods/><lines><line number="11" hits="17"/><line number="13" hits="2"/><line number="19" hits="0"/><line number="21" hits="0"/><line number="27" hits="0"/><line number="29" hits="0"/><line number="35" hits="23064"/><line number="37" hits="1"/><line number="44" hits="1"/><line number="46" hits="1"/><line number="52" hits="1"/><line number="53" hits="1"/><line number="57" hits="1"/><line number="60" hits="1"/><line number="65" hits="1650"/><line number="68" hits="1"/><line number="73" hits="1"/><line number="76" hits="1"/><line number="81" hits="0"/><line number="90" hits="0"/><line number="97" hits="15"/><line number="99" hits="2"/><line number="100" hits="2"/><line number="105" hits="0"/><line number="114" hits="0"/><line number="122" hits="0"/><line number="132" hits="0"/><line number="137" hits="0"/><line number="144" hits="0"/><line number="151" hits="0"/><line number="158" hits="0"/><line number="166" hits="0"/><line number="168" hits="0"/><line number="169" hits="0"/><line number="170" hits="0"/><line number="175" hits="0"/><line number="177" hits="0"/><line number="178" hits="0"/><line number="179" hits="0"/><line number="184" hits="0"/><line number="193" hits="0"/><line number="202" hits="0"/><line number="212" hits="2"/><line number="214" hits="1"/><line number="219" hits="1"/><line number="221" hits="1"/><line number="226" hits="0"/><line number="233" hits="0"/><line number="240" hits="0"/></lines></class><class name="operators" filename="src/tensors/dense_tensor/operators.rs" line-rate="0.072289154" branch-rate="1.0" complexity="0.0"><methods/><lines><line number="8" hits="0"/><line number="10" hits="0"/><line number="19" hits="0"/><line number="21" hits="0"/><line number="28" hits="0"/><line number="38" hits="0"/><line number="43" hits="0"/><line number="44" hits="0"/><line number="48" hits="0"/><line number="49" hits="0"/><line number="53" hits="0"/><line number="54" hits="0"/><line number="59" hits="14"/><line number="60" hits="1"/><line number="64" hits="0"/><line number="65" hits="0"/><line number="69" hits="0"/><line number="74" hits="0"/><line number="80" hits="106"/><line number="81" hits="1"/><line number="85" hits="0"/><line number="90" hits="0"/><line number="95" hits="0"/><line number="105" hits="0"/><line number="107" hits="0"/><line number="114" hits="0"/><line number="116" hits="0"/><line number="123" hits="0"/><line number="132" hits="0"/><line number="134" hits="0"/><line number="142" hits="0"/><line number="151" hits="0"/><line number="160" hits="0"/><line number="169" hits="0"/><line number="179" hits="0"/><line number="188" hits="0"/><line number="197" hits="0"/><line number="206" hits="0"/><line number="216" hits="0"/><line number="225" hits="0"/><line number="227" hits="0"/><line number="234" hits="0"/><line number="243" hits="0"/><line number="253" hits="0"/><line number="255" hits="0"/><line number="262" hits="0"/><line number="264" hits="0"/><line number="271" hits="0"/><line number="280" hits="0"/><line number="282" hits="0"/><line number="290" hits="0"/><line number="299" hits="0"/><line number="308" hits="0"/><line number="317" hits="0"/><line number="327" hits="0"/><line number="329" hits="0"/><line number="336" hits="0"/><line number="338" hits="0"/><line number="345" hits="0"/><line number="347" hits="0"/><line number="354" hits="0"/><line number="364" hits="0"/><line number="373" hits="14"/><line number="375" hits="1"/><line number="382" hits="0"/><line number="391" hits="0"/><line number="393" hits="0"/><line number="401" hits="0"/><line number="410" hits="0"/><line number="419" hits="0"/><line number="428" hits="0"/><line number="438" hits="0"/><line number="447" hits="0"/><line number="456" hits="0"/><line number="465" hits="0"/><line number="475" hits="0"/><line number="484" hits="0"/><line number="493" hits="0"/><line number="502" hits="0"/><line number="512" hits="0"/><line number="521" hits="0"/><line number="530" hits="0"/><line number="539" hits="0"/></lines></class><class name="serializing" filename="src/tensors/dense_tensor/serializing.rs" line-rate="0" branch-rate="1.0" complexity="0.0"><methods/><lines><line number="14" hits="0"/><line number="17" hits="0"/><line number="18" hits="0"/><line number="19" hits="0"/><line number="20" hits="0"/><line number="21" hits="0"/><line number="22" hits="0"/><line number="25" hits="0"/><line number="26" hits="0"/><line number="28" hits="0"/><line number="29" hits="0"/><line number="30" hits="0"/><line number="31" hits="0"/><line number="32" hits="0"/><line number="37" hits="0"/><line number="44" hits="0"/><line number="45" hits="0"/><line number="48" hits="0"/><line number="52" hits="0"/><line number="53" hits="0"/><line number="54" hits="0"/><line number="55" hits="0"/><line number="57" hits="0"/><line number="62" hits="0"/></lines></class><class name="tensor" filename="src/tensors/dense_tensor/tensor.rs" line-rate="0.6433121" branch-rate="1.0" complexity="0.0"><methods/><lines><line number="20" hits="0"/><line number="21" hits="14"/><line number="24" hits="0"/><line number="26" hits="0"/><line number="30" hits="23"/><line number="32" hits="1"/><line number="36" hits="0"/><line number="38" hits="0"/><line number="42" hits="287"/><line number="44" hits="2"/><line number="48" hits="0"/><line number="50" hits="0"/><line number="54" hits="46"/><line number="56" hits="1"/><line number="60" hits="0"/><line number="62" hits="0"/><line number="66" hits="18"/><line number="68" hits="2"/><line number="72" hits="1688"/><line number="74" hits="2"/><line number="78" hits="3"/><line number="80" hits="1"/><line number="84" hits="0"/><line number="92" hits="14"/><line number="94" hits="51"/><line number="95" hits="1"/><line number="96" hits="1"/><line number="100" hits="14"/><line number="102" hits="51"/><line number="103" hits="1"/><line number="104" hits="1"/><line number="108" hits="79"/><line number="110" hits="2"/><line number="114" hits="15"/><line number="116" hits="1"/><line number="120" hits="0"/><line number="121" hits="0"/><line number="125" hits="0"/><line number="132" hits="0"/><line number="134" hits="0"/><line number="139" hits="0"/><line number="141" hits="0"/><line number="145" hits="0"/><line number="147" hits="0"/><line number="151" hits="0"/><line number="153" hits="0"/><line number="157" hits="0"/><line number="159" hits="0"/><line number="163" hits="0"/><line number="165" hits="0"/><line number="169" hits="58"/><line number="171" hits="1"/><line number="172" hits="1"/><line number="173" hits="1"/><line number="174" hits="1"/><line number="179" hits="0"/><line number="181" hits="0"/><line number="185" hits="36"/><line number="187" hits="1"/><line number="191" hits="23064"/><line number="193" hits="1"/><line number="197" hits="0"/><line number="199" hits="0"/><line number="203" hits="0"/><line number="205" hits="0"/><line number="209" hits="0"/><line number="211" hits="0"/><line number="215" hits="30"/><line number="217" hits="1"/><line number="221" hits="0"/><line number="223" hits="0"/><line number="227" hits="172"/><line number="229" hits="1"/><line number="233" hits="0"/><line number="241" hits="50"/><line number="243" hits="1"/><line number="247" hits="0"/><line number="257" hits="14"/><line number="259" hits="1"/><line number="260" hits="1"/><line number="262" hits="1"/><line number="263" hits="1"/><line number="266" hits="1"/><line number="270" hits="0"/><line number="272" hits="0"/><line number="276" hits="0"/><line number="280" hits="43"/><line number="282" hits="1"/><line number="287" hits="36"/><line number="289" hits="1"/><line number="293" hits="0"/><line number="299" hits="0"/><line number="307" hits="0"/><line number="313" hits="0"/><line number="321" hits="0"/><line number="325" hits="0"/><line number="326" hits="0"/><line number="329" hits="86"/><line number="331" hits="1"/><line number="332" hits="1"/><line number="333" hits="1"/><line number="335" hits="1"/><line number="339" hits="19"/><line number="340" hits="1"/><line number="343" hits="13"/><line number="345" hits="2"/><line number="346" hits="2"/><line number="351" hits="50"/><line number="352" hits="1"/><line number="356" hits="0"/><line number="358" hits="0"/><line number="362" hits="0"/><line number="364" hits="0"/><line number="368" hits="0"/><line number="372" hits="30"/><line number="373" hits="1"/><line number="376" hits="0"/><line number="380" hits="23084"/><line number="381" hits="1"/><line number="384" hits="0"/><line number="390" hits="5"/><line number="393" hits="2"/><line number="394" hits="2"/><line number="396" hits="2"/><line number="397" hits="2"/><line number="398" hits="2"/><line number="401" hits="2"/><line number="405" hits="7"/><line number="408" hits="1"/><line number="409" hits="1"/><line number="410" hits="1"/><line number="412" hits="1"/><line number="413" hits="1"/><line number="414" hits="1"/><line number="415" hits="1"/><line number="417" hits="1"/><line number="418" hits="1"/><line number="419" hits="1"/><line number="420" hits="1"/><line number="421" hits="1"/><line number="423" hits="1"/><line number="426" hits="1"/><line number="427" hits="1"/><line number="433" hits="149"/><line number="436" hits="2"/><line number="437" hits="2"/><line number="438" hits="2"/><line number="444" hits="0"/><line number="450" hits="48881"/><line number="451" hits="3"/><line number="456" hits="65"/><line number="457" hits="1"/><line number="465" hits="0"/><line number="478" hits="7"/><line number="480" hits="9"/><line number="481" hits="1"/><line number="482" hits="1"/></lines></class></classes></package><package name="src/tensors" line-rate="0.2685185" branch-rate="1.0" complexity="0.0"><classes><class name="tensor_index" filename="src/tensors/tensor_index.rs" line-rate="0.12676056" branch-rate="1.0" complexity="0.0"><methods/><lines><line number="22" hits="0"/><line number="23" hits="0"/><line number="24" hits="0"/><line number="30" hits="0"/><line number="31" hits="0"/><line number="32" hits="0"/><line number="34" hits="0"/><line number="38" hits="0"/><line number="39" hits="0"/><line number="41" hits="0"/><line number="46" hits="0"/><line number="47" hits="0"/><line number="49" hits="0"/><line number="50" hits="0"/><line number="54" hits="0"/><line number="55" hits="0"/><line number="58" hits="0"/><line number="62" hits="0"/><line number="63" hits="0"/><line number="64" hits="0"/><line number="65" hits="0"/><line number="70" hits="0"/><line number="71" hits="0"/><line number="77" hits="0"/><line number="78" hits="0"/><line number="82" hits="0"/><line number="88" hits="0"/><line number="89" hits="0"/><line number="91" hits="0"/><line number="99" hits="0"/><line number="100" hits="0"/><line number="103" hits="0"/><line number="110" hits="0"/><line number="111" hits="0"/><line number="113" hits="0"/><line number="114" hits="0"/><line number="121" hits="23064"/><line number="122" hits="1"/><line number="132" hits="23064"/><line number="133" hits="1"/><line number="134" hits="1"/><line number="143" hits="0"/><line number="144" hits="0"/><line number="146" hits="0"/><line number="148" hits="0"/><line number="154" hits="0"/><line number="155" hits="0"/><line number="158" hits="0"/><line number="159" hits="0"/><line number="165" hits="0"/><line number="166" hits="0"/><line number="168" hits="0"/><line number="169" hits="0"/><line number="170" hits="0"/><line number="178" hits="0"/><line number="179" hits="0"/><line number="180" hits="0"/><line number="183" hits="0"/><line number="184" hits="0"/><line number="185" hits="0"/><line number="188" hits="0"/><line number="191" hits="0"/><line number="196" hits="0"/><line number="197" hits="0"/><line number="198" hits="0"/><line number="201" hits="0"/><line number="217" hits="1"/><line number="227" hits="1"/><line number="274" hits="1"/><line number="276" hits="1"/><line number="277" hits="0"/></lines></class><class name="tensor_type" filename="src/tensors/tensor_type.rs" line-rate="0.3" branch-rate="1.0" complexity="0.0"><methods/><lines><line number="35" hits="4"/><line number="36" hits="0"/><line number="44" hits="1972"/><line number="45" hits="0"/><line number="53" hits="89"/><line number="54" hits="0"/><line number="62" hits="0"/><line number="63" hits="0"/><line number="70" hits="0"/><line number="71" hits="0"/></lines></class><class name="utils" filename="src/tensors/utils.rs" line-rate="0.6296296" branch-rate="1.0" complexity="0.0"><methods/><lines><line number="1" hits="0"/><line number="2" hits="0"/><line number="3" hits="0"/><line number="5" hits="0"/><line number="6" hits="0"/><line number="7" hits="0"/><line number="10" hits="0"/><line number="11" hits="0"/><line number="12" hits="0"/><line number="15" hits="0"/><line number="18" hits="14"/><line number="19" hits="1"/><line number="20" hits="1"/><line number="22" hits="1"/><line number="23" hits="1"/><line number="24" hits="1"/><line number="27" hits="1"/><line number="28" hits="1"/><line number="29" hits="1"/><line number="32" hits="1"/><line number="37" hits="23064"/><line number="38" hits="1"/><line number="39" hits="1"/><line number="41" hits="1"/><line number="42" hits="1"/><line number="43" hits="1"/><line number="46" hits="1"/></lines></class></classes></package><package name="tests/graph_models/inferences" line-rate="0.8082192" branch-rate="1.0" complexity="0.0"><classes><class name="belief_propagation" filename="tests/graph_models/inferences/belief_propagation.rs" line-rate="1" branch-rate="1.0" complexity="0.0"><methods/><lines><line number="6" hits="1"/><line number="10" hits="1"/><line number="13" hits="1"/><line number="14" hits="1"/><line number="20" hits="1"/><line number="21" hits="1"/><line number="29" hits="1"/><line number="30" hits="1"/><line number="37" hits="1"/><line number="38" hits="1"/><line number="45" hits="1"/><line number="46" hits="1"/><line number="54" hits="1"/><line number="55" hits="1"/><line number="62" hits="1"/><line number="63" hits="1"/><line number="71" hits="1"/><line number="72" hits="31"/><line number="73" hits="1"/><line number="74" hits="1"/><line number="75" hits="1"/><line number="77" hits="16"/><line number="78" hits="38"/><line number="79" hits="1"/><line number="80" hits="1"/><line number="81" hits="1"/><line number="83" hits="1"/><line number="84" hits="1"/><line number="86" hits="1"/><line number="87" hits="1"/><line number="91" hits="14"/><line number="92" hits="31"/><line number="97" hits="1"/><line number="98" hits="8"/><line number="99" hits="1"/><line number="100" hits="1"/><line number="101" hits="1"/><line number="103" hits="1"/><line number="104" hits="1"/><line number="105" hits="1"/><line number="107" hits="1"/><line number="108" hits="1"/><line number="110" hits="1"/><line number="111" hits="1"/><line number="112" hits="1"/><line number="113" hits="1"/><line number="116" hits="1"/></lines></class><class name="brute_force" filename="tests/graph_models/inferences/brute_force.rs" line-rate="0.7171717" branch-rate="1.0" complexity="0.0"><methods/><lines><line number="13" hits="19"/><line number="14" hits="46"/><line number="15" hits="1"/><line number="16" hits="1"/><line number="17" hits="1"/><line number="20" hits="1"/><line number="21" hits="1"/><line number="24" hits="19"/><line number="25" hits="1"/><line number="26" hits="1"/><line number="27" hits="46"/><line number="28" hits="1"/><line number="32" hits="1651"/><line number="33" hits="9129"/><line number="36" hits="1"/><line number="43" hits="46248"/><line number="44" hits="1"/><line number="47" hits="23064"/><line number="48" hits="1"/><line number="51" hits="30"/><line number="52" hits="1"/><line number="55" hits="0"/><line number="56" hits="0"/><line number="59" hits="0"/><line number="60" hits="0"/><line number="61" hits="0"/><line number="62" hits="0"/><line number="66" hits="0"/><line number="71" hits="23094"/><line number="72" hits="1"/><line number="75" hits="23094"/><line number="76" hits="1"/><line number="79" hits="23064"/><line number="80" hits="1"/><line number="85" hits="1"/><line number="88" hits="1"/><line number="89" hits="1"/><line number="91" hits="1"/><line number="92" hits="1"/><line number="93" hits="1"/><line number="94" hits="1"/><line number="96" hits="1"/><line number="97" hits="1"/><line number="99" hits="1"/><line number="100" hits="1"/><line number="102" hits="1"/><line number="103" hits="1"/><line number="105" hits="1"/><line number="106" hits="1"/><line number="108" hits="1"/><line number="109" hits="1"/><line number="111" hits="1"/><line number="112" hits="1"/><line number="114" hits="1"/><line number="120" hits="1"/><line number="123" hits="1"/><line number="124" hits="1"/><line number="125" hits="1"/><line number="126" hits="1"/><line number="128" hits="1"/><line number="129" hits="1"/><line number="131" hits="1"/><line number="132" hits="1"/><line number="133" hits="1"/><line number="134" hits="1"/><line number="136" hits="1"/><line number="137" hits="1"/><line number="139" hits="1"/><line number="140" hits="1"/><line number="142" hits="1"/><line number="143" hits="1"/><line number="145" hits="1"/><line number="146" hits="1"/><line number="148" hits="1"/><line number="149" hits="1"/><line number="151" hits="1"/><line number="152" hits="1"/><line number="154" hits="1"/><line number="161" hits="0"/><line number="167" hits="0"/><line number="168" hits="0"/><line number="169" hits="0"/><line number="170" hits="0"/><line number="172" hits="0"/><line number="174" hits="0"/><line number="175" hits="0"/><line number="176" hits="0"/><line number="177" hits="0"/><line number="179" hits="0"/><line number="180" hits="0"/><line number="181" hits="0"/><line number="183" hits="0"/><line number="185" hits="0"/><line number="186" hits="0"/><line number="187" hits="0"/><line number="190" hits="0"/><line number="191" hits="0"/><line number="192" hits="0"/><line number="194" hits="0"/></lines></class></classes></package><package name="tests/tensors" line-rate="0.10080645" branch-rate="1.0" complexity="0.0"><classes><class name="dense_tensor" filename="tests/tensors/dense_tensor.rs" line-rate="0.11210762" branch-rate="1.0" complexity="0.0"><methods/><lines><line number="9" hits="1"/><line number="10" hits="1"/><line number="11" hits="1"/><line number="12" hits="1"/><line number="14" hits="1"/><line number="15" hits="1"/><line number="16" hits="1"/><line number="20" hits="0"/><line number="21" hits="0"/><line number="22" hits="0"/><line number="26" hits="0"/><line number="27" hits="0"/><line number="29" hits="0"/><line number="30" hits="0"/><line number="31" hits="0"/><line number="38" hits="0"/><line number="39" hits="0"/><line number="40" hits="0"/><line number="41" hits="0"/><line number="45" hits="0"/><line number="46" hits="0"/><line number="47" hits="0"/><line number="48" hits="0"/><line number="52" hits="0"/><line number="53" hits="0"/><line number="54" hits="0"/><line number="55" hits="0"/><line number="59" hits="0"/><line number="60" hits="0"/><line number="61" hits="0"/><line number="62" hits="0"/><line number="66" hits="0"/><line number="67" hits="0"/><line number="68" hits="0"/><line number="69" hits="0"/><line number="71" hits="0"/><line number="72" hits="0"/><line number="73" hits="0"/><line number="78" hits="0"/><line number="79" hits="0"/><line number="80" hits="0"/><line number="86" hits="0"/><line number="87" hits="0"/><line number="88" hits="0"/><line number="92" hits="0"/><line number="93" hits="0"/><line number="94" hits="0"/><line number="95" hits="0"/><line number="96" hits="0"/><line number="97" hits="0"/><line number="101" hits="0"/><line number="102" hits="0"/><line number="103" hits="0"/><line number="104" hits="0"/><line number="105" hits="0"/><line number="106" hits="0"/><line number="110" hits="0"/><line number="111" hits="0"/><line number="112" hits="0"/><line number="113" hits="0"/><line number="114" hits="0"/><line number="115" hits="0"/><line number="116" hits="0"/><line number="120" hits="0"/><line number="121" hits="0"/><line number="122" hits="0"/><line number="126" hits="0"/><line number="127" hits="0"/><line number="128" hits="0"/><line number="129" hits="0"/><line number="130" hits="0"/><line number="131" hits="0"/><line number="136" hits="0"/><line number="137" hits="0"/><line number="138" hits="0"/><line number="143" hits="0"/><line number="144" hits="0"/><line number="145" hits="0"/><line number="150" hits="0"/><line number="151" hits="0"/><line number="152" hits="0"/><line number="157" hits="0"/><line number="158" hits="0"/><line number="159" hits="0"/><line number="164" hits="0"/><line number="165" hits="0"/><line number="166" hits="0"/><line number="167" hits="0"/><line number="168" hits="0"/><line number="172" hits="0"/><line number="173" hits="0"/><line number="174" hits="0"/><line number="179" hits="0"/><line number="180" hits="0"/><line number="181" hits="0"/><line number="185" hits="0"/><line number="186" hits="0"/><line number="187" hits="0"/><line number="192" hits="0"/><line number="193" hits="0"/><line number="194" hits="0"/><line number="195" hits="0"/><line number="202" hits="0"/><line number="203" hits="0"/><line number="204" hits="0"/><line number="206" hits="0"/><line number="209" hits="0"/><line number="210" hits="0"/><line number="211" hits="0"/><line number="219" hits="0"/><line number="220" hits="0"/><line number="221" hits="0"/><line number="222" hits="0"/><line number="226" hits="0"/><line number="227" hits="0"/><line number="228" hits="0"/><line number="229" hits="0"/><line number="234" hits="0"/><line number="235" hits="0"/><line number="236" hits="0"/><line number="237" hits="0"/><line number="242" hits="0"/><line number="243" hits="0"/><line number="244" hits="0"/><line number="245" hits="0"/><line number="249" hits="0"/><line number="250" hits="0"/><line number="251" hits="0"/><line number="256" hits="0"/><line number="264" hits="0"/><line number="265" hits="0"/><line number="266" hits="0"/><line number="267" hits="0"/><line number="272" hits="0"/><line number="273" hits="0"/><line number="274" hits="0"/><line number="279" hits="0"/><line number="280" hits="0"/><line number="281" hits="0"/><line number="286" hits="0"/><line number="287" hits="0"/><line number="288" hits="0"/><line number="289" hits="0"/><line number="290" hits="0"/><line number="295" hits="0"/><line number="296" hits="0"/><line number="297" hits="0"/><line number="302" hits="0"/><line number="303" hits="0"/><line number="304" hits="0"/><line number="309" hits="0"/><line number="310" hits="0"/><line number="311" hits="0"/><line number="314" hits="0"/><line number="315" hits="0"/><line number="316" hits="0"/><line number="317" hits="0"/><line number="318" hits="0"/><line number="319" hits="0"/><line number="320" hits="0"/><line number="321" hits="0"/><line number="322" hits="0"/><line number="323" hits="0"/><line number="324" hits="0"/><line number="327" hits="0"/><line number="328" hits="0"/><line number="329" hits="0"/><line number="330" hits="0"/><line number="331" hits="0"/><line number="332" hits="0"/><line number="333" hits="0"/><line number="334" hits="0"/><line number="335" hits="0"/><line number="336" hits="0"/><line number="337" hits="0"/><line number="338" hits="0"/><line number="343" hits="0"/><line number="344" hits="0"/><line number="345" hits="0"/><line number="346" hits="0"/><line number="349" hits="0"/><line number="350" hits="0"/><line number="351" hits="0"/><line number="352" hits="0"/><line number="353" hits="0"/><line number="356" hits="0"/><line number="357" hits="0"/><line number="358" hits="0"/><line number="359" hits="0"/><line number="362" hits="0"/><line number="367" hits="1"/><line number="368" hits="1"/><line number="369" hits="1"/><line number="372" hits="1"/><line number="373" hits="1"/><line number="374" hits="1"/><line number="375" hits="1"/><line number="376" hits="1"/><line number="377" hits="1"/><line number="378" hits="1"/><line number="379" hits="1"/><line number="380" hits="1"/><line number="381" hits="1"/><line number="382" hits="1"/><line number="383" hits="1"/><line number="384" hits="1"/><line number="387" hits="1"/><line number="388" hits="1"/><line number="389" hits="0"/><line number="392" hits="0"/><line number="393" hits="0"/><line number="394" hits="0"/><line number="395" hits="0"/><line number="396" hits="0"/><line number="399" hits="0"/><line number="400" hits="0"/><line number="401" hits="0"/><line number="407" hits="0"/><line number="408" hits="0"/><line number="409" hits="0"/><line number="411" hits="0"/><line number="412" hits="0"/><line number="413" hits="0"/></lines></class><class name="utils" filename="tests/tensors/utils.rs" line-rate="0" branch-rate="1.0" complexity="0.0"><methods/><lines><line number="5" hits="0"/><line number="6" hits="0"/><line number="7" hits="0"/><line number="8" hits="0"/><line number="9" hits="0"/><line number="10" hits="0"/><line number="11" hits="0"/><line number="12" hits="0"/><line number="13" hits="0"/><line number="14" hits="0"/><line number="15" hits="0"/><line number="18" hits="0"/><line number="19" hits="0"/><line number="20" hits="0"/><line number="24" hits="0"/><line number="25" hits="0"/><line number="26" hits="0"/><line number="27" hits="0"/><line number="28" hits="0"/><line number="29" hits="0"/><line number="30" hits="0"/><line number="31" hits="0"/><line number="32" hits="0"/><line number="33" hits="0"/><line number="34" hits="0"/></lines></class></classes></package></packages></coverage>